2021-02-02 15:42:18 - Plugin qtranslate-xt is not active
2021-02-02 15:42:18 - Product (in en) Lucky Emmie Ballet Flat has attribute Size that  doesn`t belong category diaper-bags-_49 Please, fix it and try generate xml again
2021-02-02 15:42:18 - Product (in en) Porto Black Shoes has attribute Size-woo that  doesn`t belong category shorts_115 Please, fix it and try generate xml again
2021-02-02 16:03:08 - Plugin qtranslate-xt is not active
2021-02-02 16:03:08 - Count of products in xml: 
2021-02-02 16:03:08 - 4
2021-02-02 16:03:08 - Product (in en) Lucky Emmie Ballet Flat has attribute Size that  doesn`t belong category diaper-bags-_49 Please, fix it and try generate xml again
2021-02-02 16:03:08 - Count of products in xml: 
2021-02-02 16:03:08 - 4
2021-02-02 16:03:08 - Count of products in xml: 
2021-02-02 16:03:08 - 4
2021-02-02 16:03:08 - Count of products in xml: 
2021-02-02 16:03:08 - 4
2021-02-02 16:06:05 - Count of products in xml: 
2021-02-02 16:06:05 - 4
2021-02-02 16:06:05 - Plugin qtranslate-xt is not active
2021-02-02 16:06:05 - Product (in ar) شقة باليه Lucky Emmie is uncategorized. Please assign category to this product and repeat xml generation
2021-02-02 16:06:05 - Product (in ar) شقة باليه Lucky Emmie has attribute Size that  doesn`t belong category uncategorized Please, fix it and try generate xml again
2021-02-02 16:06:05 - Product (in ar) شقة باليه Lucky Emmie has attribute Main Material that  doesn`t belong category uncategorized Please, fix it and try generate xml again
2021-02-02 16:33:52 - Count of products in xml: 
2021-02-02 16:33:52 - 4
2021-02-02 16:33:52 - Plugin qtranslate-xt is not active
2021-02-02 16:33:52 - Product (in ar) شقة باليه Lucky Emmie has attribute Size that  doesn`t belong category diaper-bags-_49 Please, fix it and try generate xml again
2021-02-02 16:36:38 - Count of products in xml: 
2021-02-02 16:36:38 - 4
2021-02-02 16:36:38 - Plugin qtranslate-xt is not active
2021-02-02 16:36:38 - Product (in ar) شقة باليه Lucky Emmie has attribute Size that  doesn`t belong category diaper-bags-_49 Please, fix it and try generate xml again
2021-02-02 16:38:14 - Count of products in xml: 
2021-02-02 16:38:14 - 4
2021-02-02 16:38:14 - Plugin qtranslate-xt is not active
2021-02-02 16:38:33 - Count of products in xml: 
2021-02-02 16:38:33 - 4
2021-02-02 16:38:33 - Plugin qtranslate-xt is not active
2021-02-02 16:49:44 - Count of products in xml: 4
2021-02-02 16:49:44 - Plugin qtranslate-xt is not active
2021-02-02 16:49:50 - Count of products in xml: 4
2021-02-02 16:49:50 - Plugin qtranslate-xt is not active
2021-02-02 16:51:34 - Count of products in xml: 4
2021-02-02 16:51:34 - Plugin qtranslate-xt is not active
2021-02-02 16:51:34 - Product (in ar) Lucky Emmie Ballet Flat has attribute Brands that  doesn`t belong category Diaper Bags Please, fix it and try generate xml again
2021-02-02 16:51:45 - Count of products in xml: 4
2021-02-02 16:51:45 - Plugin qtranslate-xt is not active
2021-02-02 16:51:45 - Product (in en) Lucky Emmie Ballet Flat has attribute Brands that  doesn`t belong category Diaper Bags Please, fix it and try generate xml again
2021-02-02 16:56:13 - Count of products in xml: 4
2021-02-02 16:56:13 - Plugin qtranslate-xt is not active
2021-02-02 16:56:13 - Product Lucky Emmie Ballet Flat has attribute Brands that  doesn`t belong category Diaper Bags. Please, fix it and try generate xml again
2021-02-02 17:00:24 - Count of products in xml: 4
2021-02-02 17:00:24 - Plugin qtranslate-xt is not active
2021-02-02 17:00:31 - Count of products in xml: 4
2021-02-02 17:00:31 - Plugin qtranslate-xt is not active
